

Started GET "/" for ::1 at 2016-02-19 13:33:19 -0800

PG::ConnectionBad (could not connect to server: No such file or directory
	Is the server running locally and accepting
	connections on Unix domain socket "/tmp/.s.PGSQL.5432"?
):
  activerecord (4.2.5.1) lib/active_record/connection_adapters/postgresql_adapter.rb:651:in `initialize'
  activerecord (4.2.5.1) lib/active_record/connection_adapters/postgresql_adapter.rb:651:in `new'
  activerecord (4.2.5.1) lib/active_record/connection_adapters/postgresql_adapter.rb:651:in `connect'
  activerecord (4.2.5.1) lib/active_record/connection_adapters/postgresql_adapter.rb:242:in `initialize'
  activerecord (4.2.5.1) lib/active_record/connection_adapters/postgresql_adapter.rb:44:in `new'
  activerecord (4.2.5.1) lib/active_record/connection_adapters/postgresql_adapter.rb:44:in `postgresql_connection'
  activerecord (4.2.5.1) lib/active_record/connection_adapters/abstract/connection_pool.rb:438:in `new_connection'
  activerecord (4.2.5.1) lib/active_record/connection_adapters/abstract/connection_pool.rb:448:in `checkout_new_connection'
  activerecord (4.2.5.1) lib/active_record/connection_adapters/abstract/connection_pool.rb:422:in `acquire_connection'
  activerecord (4.2.5.1) lib/active_record/connection_adapters/abstract/connection_pool.rb:349:in `block in checkout'
  /Users/nil/.rbenv/versions/2.2.1/lib/ruby/2.2.0/monitor.rb:211:in `mon_synchronize'
  activerecord (4.2.5.1) lib/active_record/connection_adapters/abstract/connection_pool.rb:348:in `checkout'
  activerecord (4.2.5.1) lib/active_record/connection_adapters/abstract/connection_pool.rb:263:in `block in connection'
  /Users/nil/.rbenv/versions/2.2.1/lib/ruby/2.2.0/monitor.rb:211:in `mon_synchronize'
  activerecord (4.2.5.1) lib/active_record/connection_adapters/abstract/connection_pool.rb:262:in `connection'
  activerecord (4.2.5.1) lib/active_record/connection_adapters/abstract/connection_pool.rb:571:in `retrieve_connection'
  activerecord (4.2.5.1) lib/active_record/connection_handling.rb:113:in `retrieve_connection'
  activerecord (4.2.5.1) lib/active_record/connection_handling.rb:87:in `connection'
  activerecord (4.2.5.1) lib/active_record/migration.rb:383:in `connection'
  activerecord (4.2.5.1) lib/active_record/migration.rb:370:in `call'
  actionpack (4.2.5.1) lib/action_dispatch/middleware/callbacks.rb:29:in `block in call'
  activesupport (4.2.5.1) lib/active_support/callbacks.rb:88:in `__run_callbacks__'
  activesupport (4.2.5.1) lib/active_support/callbacks.rb:778:in `_run_call_callbacks'
  activesupport (4.2.5.1) lib/active_support/callbacks.rb:81:in `run_callbacks'
  actionpack (4.2.5.1) lib/action_dispatch/middleware/callbacks.rb:27:in `call'
  actionpack (4.2.5.1) lib/action_dispatch/middleware/reloader.rb:73:in `call'
  actionpack (4.2.5.1) lib/action_dispatch/middleware/remote_ip.rb:78:in `call'
  actionpack (4.2.5.1) lib/action_dispatch/middleware/debug_exceptions.rb:17:in `call'
  web-console (2.3.0) lib/web_console/middleware.rb:28:in `block in call'
  web-console (2.3.0) lib/web_console/middleware.rb:18:in `catch'
  web-console (2.3.0) lib/web_console/middleware.rb:18:in `call'
  actionpack (4.2.5.1) lib/action_dispatch/middleware/show_exceptions.rb:30:in `call'
  railties (4.2.5.1) lib/rails/rack/logger.rb:38:in `call_app'
  railties (4.2.5.1) lib/rails/rack/logger.rb:20:in `block in call'
  activesupport (4.2.5.1) lib/active_support/tagged_logging.rb:68:in `block in tagged'
  activesupport (4.2.5.1) lib/active_support/tagged_logging.rb:26:in `tagged'
  activesupport (4.2.5.1) lib/active_support/tagged_logging.rb:68:in `tagged'
  railties (4.2.5.1) lib/rails/rack/logger.rb:20:in `call'
  actionpack (4.2.5.1) lib/action_dispatch/middleware/request_id.rb:21:in `call'
  rack (1.6.4) lib/rack/methodoverride.rb:22:in `call'
  rack (1.6.4) lib/rack/runtime.rb:18:in `call'
  activesupport (4.2.5.1) lib/active_support/cache/strategy/local_cache_middleware.rb:28:in `call'
  rack (1.6.4) lib/rack/lock.rb:17:in `call'
  actionpack (4.2.5.1) lib/action_dispatch/middleware/static.rb:116:in `call'
  rack (1.6.4) lib/rack/sendfile.rb:113:in `call'
  railties (4.2.5.1) lib/rails/engine.rb:518:in `call'
  railties (4.2.5.1) lib/rails/application.rb:165:in `call'
  rack (1.6.4) lib/rack/lock.rb:17:in `call'
  rack (1.6.4) lib/rack/content_length.rb:15:in `call'
  rack (1.6.4) lib/rack/handler/webrick.rb:88:in `service'
  /Users/nil/.rbenv/versions/2.2.1/lib/ruby/2.2.0/webrick/httpserver.rb:138:in `service'
  /Users/nil/.rbenv/versions/2.2.1/lib/ruby/2.2.0/webrick/httpserver.rb:94:in `run'
  /Users/nil/.rbenv/versions/2.2.1/lib/ruby/2.2.0/webrick/server.rb:294:in `block in start_thread'


  Rendered /Users/nil/.rbenv/versions/2.2.1/lib/ruby/gems/2.2.0/gems/actionpack-4.2.5.1/lib/action_dispatch/middleware/templates/rescues/_source.erb (4.3ms)
  Rendered /Users/nil/.rbenv/versions/2.2.1/lib/ruby/gems/2.2.0/gems/actionpack-4.2.5.1/lib/action_dispatch/middleware/templates/rescues/_trace.html.erb (1.5ms)
  Rendered /Users/nil/.rbenv/versions/2.2.1/lib/ruby/gems/2.2.0/gems/actionpack-4.2.5.1/lib/action_dispatch/middleware/templates/rescues/_request_and_response.html.erb (0.9ms)
  Rendered /Users/nil/.rbenv/versions/2.2.1/lib/ruby/gems/2.2.0/gems/actionpack-4.2.5.1/lib/action_dispatch/middleware/templates/rescues/diagnostics.html.erb within rescues/layout (58.0ms)
  Rendered /Users/nil/.rbenv/versions/2.2.1/lib/ruby/gems/2.2.0/gems/web-console-2.3.0/lib/web_console/templates/_markup.html.erb (0.4ms)
  Rendered /Users/nil/.rbenv/versions/2.2.1/lib/ruby/gems/2.2.0/gems/web-console-2.3.0/lib/web_console/templates/_inner_console_markup.html.erb within layouts/inlined_string (0.3ms)
  Rendered /Users/nil/.rbenv/versions/2.2.1/lib/ruby/gems/2.2.0/gems/web-console-2.3.0/lib/web_console/templates/_prompt_box_markup.html.erb within layouts/inlined_string (0.3ms)
  Rendered /Users/nil/.rbenv/versions/2.2.1/lib/ruby/gems/2.2.0/gems/web-console-2.3.0/lib/web_console/templates/style.css.erb within layouts/inlined_string (0.5ms)
  Rendered /Users/nil/.rbenv/versions/2.2.1/lib/ruby/gems/2.2.0/gems/web-console-2.3.0/lib/web_console/templates/console.js.erb within layouts/javascript (61.6ms)
  Rendered /Users/nil/.rbenv/versions/2.2.1/lib/ruby/gems/2.2.0/gems/web-console-2.3.0/lib/web_console/templates/main.js.erb within layouts/javascript (0.7ms)
  Rendered /Users/nil/.rbenv/versions/2.2.1/lib/ruby/gems/2.2.0/gems/web-console-2.3.0/lib/web_console/templates/error_page.js.erb within layouts/javascript (0.3ms)
  Rendered /Users/nil/.rbenv/versions/2.2.1/lib/ruby/gems/2.2.0/gems/web-console-2.3.0/lib/web_console/templates/index.html.erb (134.1ms)


Started GET "/" for ::1 at 2016-02-19 13:35:36 -0800

ActiveRecord::NoDatabaseError (FATAL:  database "rails-aws-s3_development" does not exist
):
  activerecord (4.2.5.1) lib/active_record/connection_adapters/postgresql_adapter.rb:661:in `rescue in connect'
  activerecord (4.2.5.1) lib/active_record/connection_adapters/postgresql_adapter.rb:651:in `connect'
  activerecord (4.2.5.1) lib/active_record/connection_adapters/postgresql_adapter.rb:242:in `initialize'
  activerecord (4.2.5.1) lib/active_record/connection_adapters/postgresql_adapter.rb:44:in `new'
  activerecord (4.2.5.1) lib/active_record/connection_adapters/postgresql_adapter.rb:44:in `postgresql_connection'
  activerecord (4.2.5.1) lib/active_record/connection_adapters/abstract/connection_pool.rb:438:in `new_connection'
  activerecord (4.2.5.1) lib/active_record/connection_adapters/abstract/connection_pool.rb:448:in `checkout_new_connection'
  activerecord (4.2.5.1) lib/active_record/connection_adapters/abstract/connection_pool.rb:422:in `acquire_connection'
  activerecord (4.2.5.1) lib/active_record/connection_adapters/abstract/connection_pool.rb:349:in `block in checkout'
  /Users/nil/.rbenv/versions/2.2.1/lib/ruby/2.2.0/monitor.rb:211:in `mon_synchronize'
  activerecord (4.2.5.1) lib/active_record/connection_adapters/abstract/connection_pool.rb:348:in `checkout'
  activerecord (4.2.5.1) lib/active_record/connection_adapters/abstract/connection_pool.rb:263:in `block in connection'
  /Users/nil/.rbenv/versions/2.2.1/lib/ruby/2.2.0/monitor.rb:211:in `mon_synchronize'
  activerecord (4.2.5.1) lib/active_record/connection_adapters/abstract/connection_pool.rb:262:in `connection'
  activerecord (4.2.5.1) lib/active_record/connection_adapters/abstract/connection_pool.rb:571:in `retrieve_connection'
  activerecord (4.2.5.1) lib/active_record/connection_handling.rb:113:in `retrieve_connection'
  activerecord (4.2.5.1) lib/active_record/connection_handling.rb:87:in `connection'
  activerecord (4.2.5.1) lib/active_record/migration.rb:383:in `connection'
  activerecord (4.2.5.1) lib/active_record/migration.rb:370:in `call'
  actionpack (4.2.5.1) lib/action_dispatch/middleware/callbacks.rb:29:in `block in call'
  activesupport (4.2.5.1) lib/active_support/callbacks.rb:88:in `__run_callbacks__'
  activesupport (4.2.5.1) lib/active_support/callbacks.rb:778:in `_run_call_callbacks'
  activesupport (4.2.5.1) lib/active_support/callbacks.rb:81:in `run_callbacks'
  actionpack (4.2.5.1) lib/action_dispatch/middleware/callbacks.rb:27:in `call'
  actionpack (4.2.5.1) lib/action_dispatch/middleware/reloader.rb:73:in `call'
  actionpack (4.2.5.1) lib/action_dispatch/middleware/remote_ip.rb:78:in `call'
  actionpack (4.2.5.1) lib/action_dispatch/middleware/debug_exceptions.rb:17:in `call'
  web-console (2.3.0) lib/web_console/middleware.rb:28:in `block in call'
  web-console (2.3.0) lib/web_console/middleware.rb:18:in `catch'
  web-console (2.3.0) lib/web_console/middleware.rb:18:in `call'
  actionpack (4.2.5.1) lib/action_dispatch/middleware/show_exceptions.rb:30:in `call'
  railties (4.2.5.1) lib/rails/rack/logger.rb:38:in `call_app'
  railties (4.2.5.1) lib/rails/rack/logger.rb:20:in `block in call'
  activesupport (4.2.5.1) lib/active_support/tagged_logging.rb:68:in `block in tagged'
  activesupport (4.2.5.1) lib/active_support/tagged_logging.rb:26:in `tagged'
  activesupport (4.2.5.1) lib/active_support/tagged_logging.rb:68:in `tagged'
  railties (4.2.5.1) lib/rails/rack/logger.rb:20:in `call'
  actionpack (4.2.5.1) lib/action_dispatch/middleware/request_id.rb:21:in `call'
  rack (1.6.4) lib/rack/methodoverride.rb:22:in `call'
  rack (1.6.4) lib/rack/runtime.rb:18:in `call'
  activesupport (4.2.5.1) lib/active_support/cache/strategy/local_cache_middleware.rb:28:in `call'
  rack (1.6.4) lib/rack/lock.rb:17:in `call'
  actionpack (4.2.5.1) lib/action_dispatch/middleware/static.rb:116:in `call'
  rack (1.6.4) lib/rack/sendfile.rb:113:in `call'
  railties (4.2.5.1) lib/rails/engine.rb:518:in `call'
  railties (4.2.5.1) lib/rails/application.rb:165:in `call'
  rack (1.6.4) lib/rack/lock.rb:17:in `call'
  rack (1.6.4) lib/rack/content_length.rb:15:in `call'
  rack (1.6.4) lib/rack/handler/webrick.rb:88:in `service'
  /Users/nil/.rbenv/versions/2.2.1/lib/ruby/2.2.0/webrick/httpserver.rb:138:in `service'
  /Users/nil/.rbenv/versions/2.2.1/lib/ruby/2.2.0/webrick/httpserver.rb:94:in `run'
  /Users/nil/.rbenv/versions/2.2.1/lib/ruby/2.2.0/webrick/server.rb:294:in `block in start_thread'


  Rendered /Users/nil/.rbenv/versions/2.2.1/lib/ruby/gems/2.2.0/gems/actionpack-4.2.5.1/lib/action_dispatch/middleware/templates/rescues/_source.erb (3.9ms)
  Rendered /Users/nil/.rbenv/versions/2.2.1/lib/ruby/gems/2.2.0/gems/actionpack-4.2.5.1/lib/action_dispatch/middleware/templates/rescues/_trace.html.erb (1.4ms)
  Rendered /Users/nil/.rbenv/versions/2.2.1/lib/ruby/gems/2.2.0/gems/actionpack-4.2.5.1/lib/action_dispatch/middleware/templates/rescues/_request_and_response.html.erb (0.8ms)
  Rendered /Users/nil/.rbenv/versions/2.2.1/lib/ruby/gems/2.2.0/gems/actionpack-4.2.5.1/lib/action_dispatch/middleware/templates/rescues/diagnostics.html.erb within rescues/layout (59.1ms)
  Rendered /Users/nil/.rbenv/versions/2.2.1/lib/ruby/gems/2.2.0/gems/web-console-2.3.0/lib/web_console/templates/_markup.html.erb (0.4ms)
  Rendered /Users/nil/.rbenv/versions/2.2.1/lib/ruby/gems/2.2.0/gems/web-console-2.3.0/lib/web_console/templates/_inner_console_markup.html.erb within layouts/inlined_string (0.3ms)
  Rendered /Users/nil/.rbenv/versions/2.2.1/lib/ruby/gems/2.2.0/gems/web-console-2.3.0/lib/web_console/templates/_prompt_box_markup.html.erb within layouts/inlined_string (0.3ms)
  Rendered /Users/nil/.rbenv/versions/2.2.1/lib/ruby/gems/2.2.0/gems/web-console-2.3.0/lib/web_console/templates/style.css.erb within layouts/inlined_string (0.3ms)
  Rendered /Users/nil/.rbenv/versions/2.2.1/lib/ruby/gems/2.2.0/gems/web-console-2.3.0/lib/web_console/templates/console.js.erb within layouts/javascript (60.3ms)
  Rendered /Users/nil/.rbenv/versions/2.2.1/lib/ruby/gems/2.2.0/gems/web-console-2.3.0/lib/web_console/templates/main.js.erb within layouts/javascript (0.3ms)
  Rendered /Users/nil/.rbenv/versions/2.2.1/lib/ruby/gems/2.2.0/gems/web-console-2.3.0/lib/web_console/templates/error_page.js.erb within layouts/javascript (0.3ms)
  Rendered /Users/nil/.rbenv/versions/2.2.1/lib/ruby/gems/2.2.0/gems/web-console-2.3.0/lib/web_console/templates/index.html.erb (132.4ms)
  [1m[36m (27.5ms)[0m  [1mCREATE TABLE "schema_migrations" ("version" character varying NOT NULL) [0m
  [1m[35m (1.0ms)[0m  CREATE UNIQUE INDEX  "unique_schema_migrations" ON "schema_migrations"  ("version")
  [1m[36mActiveRecord::SchemaMigration Load (0.3ms)[0m  [1mSELECT "schema_migrations".* FROM "schema_migrations"[0m
Migrating to CreateUsers (20160219213602)
  [1m[35m (0.1ms)[0m  BEGIN
  [1m[36m (15.1ms)[0m  [1mCREATE TABLE "users" ("id" serial primary key, "name" character varying, "avatar_url" character varying, "created_at" timestamp NOT NULL, "updated_at" timestamp NOT NULL) [0m
  [1m[35mSQL (0.2ms)[0m  INSERT INTO "schema_migrations" ("version") VALUES ($1)  [["version", "20160219213602"]]
  [1m[36m (6.1ms)[0m  [1mCOMMIT[0m
  [1m[35mActiveRecord::SchemaMigration Load (0.2ms)[0m  SELECT "schema_migrations".* FROM "schema_migrations"
  [1m[36m (2.0ms)[0m  [1mSELECT t2.oid::regclass::text AS to_table, a1.attname AS column, a2.attname AS primary_key, c.conname AS name, c.confupdtype AS on_update, c.confdeltype AS on_delete
FROM pg_constraint c
JOIN pg_class t1 ON c.conrelid = t1.oid
JOIN pg_class t2 ON c.confrelid = t2.oid
JOIN pg_attribute a1 ON a1.attnum = c.conkey[1] AND a1.attrelid = t1.oid
JOIN pg_attribute a2 ON a2.attnum = c.confkey[1] AND a2.attrelid = t2.oid
JOIN pg_namespace t3 ON c.connamespace = t3.oid
WHERE c.contype = 'f'
  AND t1.relname = 'users'
  AND t3.nspname = ANY (current_schemas(false))
ORDER BY c.conname
[0m


Started GET "/" for ::1 at 2016-02-19 13:37:44 -0800
  [1m[36mActiveRecord::SchemaMigration Load (0.3ms)[0m  [1mSELECT "schema_migrations".* FROM "schema_migrations"[0m
Processing by Rails::WelcomeController#index as HTML
  Rendered /Users/nil/.rbenv/versions/2.2.1/lib/ruby/gems/2.2.0/gems/railties-4.2.5.1/lib/rails/templates/rails/welcome/index.html.erb (2.1ms)
Completed 200 OK in 10ms (Views: 9.4ms | ActiveRecord: 0.0ms)


Started GET "/users/new" for ::1 at 2016-02-19 13:49:37 -0800
Processing by UsersController#new as HTML
Completed 500 Internal Server Error in 1ms (ActiveRecord: 0.0ms)

NameError (uninitialized constant UsersController::S3_BUCKET):
  app/controllers/users_controller.rb:72:in `set_s3_direct_post'


  Rendered /Users/nil/.rbenv/versions/2.2.1/lib/ruby/gems/2.2.0/gems/actionpack-4.2.5.1/lib/action_dispatch/middleware/templates/rescues/_source.erb (5.3ms)
  Rendered /Users/nil/.rbenv/versions/2.2.1/lib/ruby/gems/2.2.0/gems/actionpack-4.2.5.1/lib/action_dispatch/middleware/templates/rescues/_trace.html.erb (6.4ms)
  Rendered /Users/nil/.rbenv/versions/2.2.1/lib/ruby/gems/2.2.0/gems/actionpack-4.2.5.1/lib/action_dispatch/middleware/templates/rescues/_request_and_response.html.erb (9.2ms)
  Rendered /Users/nil/.rbenv/versions/2.2.1/lib/ruby/gems/2.2.0/gems/actionpack-4.2.5.1/lib/action_dispatch/middleware/templates/rescues/diagnostics.html.erb within rescues/layout (67.7ms)
  Rendered /Users/nil/.rbenv/versions/2.2.1/lib/ruby/gems/2.2.0/gems/web-console-2.3.0/lib/web_console/templates/_markup.html.erb (0.4ms)
  Rendered /Users/nil/.rbenv/versions/2.2.1/lib/ruby/gems/2.2.0/gems/web-console-2.3.0/lib/web_console/templates/_inner_console_markup.html.erb within layouts/inlined_string (0.3ms)
  Rendered /Users/nil/.rbenv/versions/2.2.1/lib/ruby/gems/2.2.0/gems/web-console-2.3.0/lib/web_console/templates/_prompt_box_markup.html.erb within layouts/inlined_string (0.3ms)
  Rendered /Users/nil/.rbenv/versions/2.2.1/lib/ruby/gems/2.2.0/gems/web-console-2.3.0/lib/web_console/templates/style.css.erb within layouts/inlined_string (0.3ms)
  Rendered /Users/nil/.rbenv/versions/2.2.1/lib/ruby/gems/2.2.0/gems/web-console-2.3.0/lib/web_console/templates/console.js.erb within layouts/javascript (45.6ms)
  Rendered /Users/nil/.rbenv/versions/2.2.1/lib/ruby/gems/2.2.0/gems/web-console-2.3.0/lib/web_console/templates/main.js.erb within layouts/javascript (0.3ms)
  Rendered /Users/nil/.rbenv/versions/2.2.1/lib/ruby/gems/2.2.0/gems/web-console-2.3.0/lib/web_console/templates/error_page.js.erb within layouts/javascript (0.3ms)
  Rendered /Users/nil/.rbenv/versions/2.2.1/lib/ruby/gems/2.2.0/gems/web-console-2.3.0/lib/web_console/templates/index.html.erb (105.3ms)


Started GET "/users/new" for ::1 at 2016-02-19 14:34:11 -0800
  [1m[36mActiveRecord::SchemaMigration Load (28.9ms)[0m  [1mSELECT "schema_migrations".* FROM "schema_migrations"[0m
Processing by UsersController#new as HTML
Completed 500 Internal Server Error in 1ms (ActiveRecord: 0.0ms)

NoMethodError (undefined method `presigned_post' for nil:NilClass):
  app/controllers/users_controller.rb:72:in `set_s3_direct_post'


  Rendered /Users/nil/.rbenv/versions/2.2.1/lib/ruby/gems/2.2.0/gems/actionpack-4.2.5.1/lib/action_dispatch/middleware/templates/rescues/_source.erb (3.5ms)
  Rendered /Users/nil/.rbenv/versions/2.2.1/lib/ruby/gems/2.2.0/gems/actionpack-4.2.5.1/lib/action_dispatch/middleware/templates/rescues/_trace.html.erb (2.6ms)
  Rendered /Users/nil/.rbenv/versions/2.2.1/lib/ruby/gems/2.2.0/gems/actionpack-4.2.5.1/lib/action_dispatch/middleware/templates/rescues/_request_and_response.html.erb (8.0ms)
  Rendered /Users/nil/.rbenv/versions/2.2.1/lib/ruby/gems/2.2.0/gems/actionpack-4.2.5.1/lib/action_dispatch/middleware/templates/rescues/diagnostics.html.erb within rescues/layout (66.0ms)
  Rendered /Users/nil/.rbenv/versions/2.2.1/lib/ruby/gems/2.2.0/gems/web-console-2.3.0/lib/web_console/templates/_markup.html.erb (0.4ms)
  Rendered /Users/nil/.rbenv/versions/2.2.1/lib/ruby/gems/2.2.0/gems/web-console-2.3.0/lib/web_console/templates/_inner_console_markup.html.erb within layouts/inlined_string (0.3ms)
  Rendered /Users/nil/.rbenv/versions/2.2.1/lib/ruby/gems/2.2.0/gems/web-console-2.3.0/lib/web_console/templates/_prompt_box_markup.html.erb within layouts/inlined_string (0.3ms)
  Rendered /Users/nil/.rbenv/versions/2.2.1/lib/ruby/gems/2.2.0/gems/web-console-2.3.0/lib/web_console/templates/style.css.erb within layouts/inlined_string (0.4ms)
  Rendered /Users/nil/.rbenv/versions/2.2.1/lib/ruby/gems/2.2.0/gems/web-console-2.3.0/lib/web_console/templates/console.js.erb within layouts/javascript (60.3ms)
  Rendered /Users/nil/.rbenv/versions/2.2.1/lib/ruby/gems/2.2.0/gems/web-console-2.3.0/lib/web_console/templates/main.js.erb within layouts/javascript (0.3ms)
  Rendered /Users/nil/.rbenv/versions/2.2.1/lib/ruby/gems/2.2.0/gems/web-console-2.3.0/lib/web_console/templates/error_page.js.erb within layouts/javascript (0.4ms)
  Rendered /Users/nil/.rbenv/versions/2.2.1/lib/ruby/gems/2.2.0/gems/web-console-2.3.0/lib/web_console/templates/index.html.erb (124.6ms)


Started GET "/users/new" for ::1 at 2016-02-19 14:59:06 -0800
  [1m[36mActiveRecord::SchemaMigration Load (6.9ms)[0m  [1mSELECT "schema_migrations".* FROM "schema_migrations"[0m
Processing by UsersController#new as HTML
  Rendered users/_form.html.erb (22.9ms)
  Rendered users/new.html.erb within layouts/application (27.5ms)
Completed 200 OK in 950ms (Views: 910.8ms | ActiveRecord: 29.8ms)


Started GET "/assets/users.self-e3b0c44298fc1c149afbf4c8996fb92427ae41e4649b934ca495991b7852b855.css?body=1" for ::1 at 2016-02-19 14:59:07 -0800


Started GET "/assets/scaffolds.self-208bd23c9415b56faae664dc28c2391042a562016125f4ee66a3598027c8dc61.css?body=1" for ::1 at 2016-02-19 14:59:07 -0800


Started GET "/assets/jquery.self-c64a74367bda6ef8b860f19e74df08927ca99d2be2ac934e9e92d5fd361e0da4.js?body=1" for ::1 at 2016-02-19 14:59:07 -0800


Started GET "/assets/application.self-e80e8f2318043e8af94dddc2adad5a4f09739a8ebb323b3ab31cd71d45fd9113.css?body=1" for ::1 at 2016-02-19 14:59:07 -0800


Started GET "/assets/jquery_ujs.self-d602bdfe68ffc63b9f9cc512872aa3cfff046228a0a36e90dd476e8ef54c1b09.js?body=1" for ::1 at 2016-02-19 14:59:07 -0800


Started GET "/assets/jquery.ui.widget.self-e3b0c44298fc1c149afbf4c8996fb92427ae41e4649b934ca495991b7852b855.js?body=1" for ::1 at 2016-02-19 14:59:07 -0800


Started GET "/assets/z.jquery.fileupload.self-e3b0c44298fc1c149afbf4c8996fb92427ae41e4649b934ca495991b7852b855.js?body=1" for ::1 at 2016-02-19 14:59:07 -0800


Started GET "/assets/users.self-877aef30ae1b040ab8a3aba4e3e309a11d7f2612f44dde450b5c157aa5f95c05.js?body=1" for ::1 at 2016-02-19 14:59:07 -0800


Started GET "/assets/application.self-f8806224e027f3e3f0138ea9ce99319e298dfdb323304d1f1be6eae8e8c74724.js?body=1" for ::1 at 2016-02-19 14:59:07 -0800


Started GET "/users/new" for ::1 at 2016-02-19 15:00:54 -0800
  [1m[36mActiveRecord::SchemaMigration Load (0.3ms)[0m  [1mSELECT "schema_migrations".* FROM "schema_migrations"[0m
Processing by UsersController#new as HTML
  Rendered users/_form.html.erb (20.6ms)
  Rendered users/new.html.erb within layouts/application (24.5ms)
Completed 200 OK in 228ms (Views: 218.2ms | ActiveRecord: 1.9ms)


Started GET "/assets/scaffolds.self-208bd23c9415b56faae664dc28c2391042a562016125f4ee66a3598027c8dc61.css?body=1" for ::1 at 2016-02-19 15:00:55 -0800


Started GET "/assets/users.self-e3b0c44298fc1c149afbf4c8996fb92427ae41e4649b934ca495991b7852b855.css?body=1" for ::1 at 2016-02-19 15:00:55 -0800


Started GET "/assets/application.self-e80e8f2318043e8af94dddc2adad5a4f09739a8ebb323b3ab31cd71d45fd9113.css?body=1" for ::1 at 2016-02-19 15:00:55 -0800


Started GET "/assets/jquery.self-c64a74367bda6ef8b860f19e74df08927ca99d2be2ac934e9e92d5fd361e0da4.js?body=1" for ::1 at 2016-02-19 15:00:55 -0800


Started GET "/assets/jquery_ujs.self-d602bdfe68ffc63b9f9cc512872aa3cfff046228a0a36e90dd476e8ef54c1b09.js?body=1" for ::1 at 2016-02-19 15:00:55 -0800


Started GET "/assets/jquery.ui.widget.self-e3b0c44298fc1c149afbf4c8996fb92427ae41e4649b934ca495991b7852b855.js?body=1" for ::1 at 2016-02-19 15:00:55 -0800


Started GET "/assets/z.jquery.fileupload.self-e3b0c44298fc1c149afbf4c8996fb92427ae41e4649b934ca495991b7852b855.js?body=1" for ::1 at 2016-02-19 15:00:55 -0800


Started GET "/assets/users.self-877aef30ae1b040ab8a3aba4e3e309a11d7f2612f44dde450b5c157aa5f95c05.js?body=1" for ::1 at 2016-02-19 15:00:55 -0800


Started GET "/assets/application.self-f8806224e027f3e3f0138ea9ce99319e298dfdb323304d1f1be6eae8e8c74724.js?body=1" for ::1 at 2016-02-19 15:00:55 -0800


Started GET "/users/new" for ::1 at 2016-02-19 15:13:16 -0800
  [1m[36mActiveRecord::SchemaMigration Load (6.8ms)[0m  [1mSELECT "schema_migrations".* FROM "schema_migrations"[0m
Processing by UsersController#new as HTML
  Rendered users/_form.html.erb (16.0ms)
  Rendered users/new.html.erb within layouts/application (23.3ms)
Completed 200 OK in 504ms (Views: 478.8ms | ActiveRecord: 8.7ms)


Started GET "/assets/scaffolds.self-208bd23c9415b56faae664dc28c2391042a562016125f4ee66a3598027c8dc61.css?body=1" for ::1 at 2016-02-19 15:13:17 -0800


Started GET "/assets/users.self-e3b0c44298fc1c149afbf4c8996fb92427ae41e4649b934ca495991b7852b855.css?body=1" for ::1 at 2016-02-19 15:13:17 -0800


Started GET "/assets/application.self-e80e8f2318043e8af94dddc2adad5a4f09739a8ebb323b3ab31cd71d45fd9113.css?body=1" for ::1 at 2016-02-19 15:13:17 -0800


Started GET "/assets/jquery.self-c64a74367bda6ef8b860f19e74df08927ca99d2be2ac934e9e92d5fd361e0da4.js?body=1" for ::1 at 2016-02-19 15:13:17 -0800


Started GET "/assets/jquery.ui.widget.self-e3b0c44298fc1c149afbf4c8996fb92427ae41e4649b934ca495991b7852b855.js?body=1" for ::1 at 2016-02-19 15:13:17 -0800


Started GET "/assets/jquery_ujs.self-d602bdfe68ffc63b9f9cc512872aa3cfff046228a0a36e90dd476e8ef54c1b09.js?body=1" for ::1 at 2016-02-19 15:13:17 -0800


Started GET "/assets/z.jquery.fileupload.self-e3b0c44298fc1c149afbf4c8996fb92427ae41e4649b934ca495991b7852b855.js?body=1" for ::1 at 2016-02-19 15:13:17 -0800


Started GET "/assets/users.self-877aef30ae1b040ab8a3aba4e3e309a11d7f2612f44dde450b5c157aa5f95c05.js?body=1" for ::1 at 2016-02-19 15:13:17 -0800


Started GET "/assets/application.self-f8806224e027f3e3f0138ea9ce99319e298dfdb323304d1f1be6eae8e8c74724.js?body=1" for ::1 at 2016-02-19 15:13:17 -0800


Started GET "/users/new" for ::1 at 2016-02-19 15:16:16 -0800
Processing by UsersController#new as HTML
  Rendered users/_form.html.erb (3.1ms)
  Rendered users/new.html.erb within layouts/application (4.2ms)
Completed 200 OK in 20ms (Views: 18.3ms | ActiveRecord: 0.0ms)


Started GET "/assets/scaffolds.self-208bd23c9415b56faae664dc28c2391042a562016125f4ee66a3598027c8dc61.css?body=1" for ::1 at 2016-02-19 15:16:16 -0800


Started GET "/assets/users.self-e3b0c44298fc1c149afbf4c8996fb92427ae41e4649b934ca495991b7852b855.css?body=1" for ::1 at 2016-02-19 15:16:16 -0800


Started GET "/assets/application.self-e80e8f2318043e8af94dddc2adad5a4f09739a8ebb323b3ab31cd71d45fd9113.css?body=1" for ::1 at 2016-02-19 15:16:16 -0800


Started GET "/assets/jquery.self-c64a74367bda6ef8b860f19e74df08927ca99d2be2ac934e9e92d5fd361e0da4.js?body=1" for ::1 at 2016-02-19 15:16:16 -0800


Started GET "/assets/z.jquery.fileupload.self-e3b0c44298fc1c149afbf4c8996fb92427ae41e4649b934ca495991b7852b855.js?body=1" for ::1 at 2016-02-19 15:16:16 -0800


Started GET "/assets/jquery_ujs.self-d602bdfe68ffc63b9f9cc512872aa3cfff046228a0a36e90dd476e8ef54c1b09.js?body=1" for ::1 at 2016-02-19 15:16:16 -0800


Started GET "/assets/jquery.ui.widget.self-e3b0c44298fc1c149afbf4c8996fb92427ae41e4649b934ca495991b7852b855.js?body=1" for ::1 at 2016-02-19 15:16:16 -0800


Started GET "/assets/application.self-f8806224e027f3e3f0138ea9ce99319e298dfdb323304d1f1be6eae8e8c74724.js?body=1" for ::1 at 2016-02-19 15:16:16 -0800


Started GET "/assets/users.self-877aef30ae1b040ab8a3aba4e3e309a11d7f2612f44dde450b5c157aa5f95c05.js?body=1" for ::1 at 2016-02-19 15:16:16 -0800


Started GET "/users/new" for ::1 at 2016-02-19 15:17:10 -0800
Processing by UsersController#new as HTML
  Rendered users/_form.html.erb (2.0ms)
  Rendered users/new.html.erb within layouts/application (3.1ms)
Completed 200 OK in 75ms (Views: 73.6ms | ActiveRecord: 0.0ms)


Started GET "/assets/scaffolds.self-208bd23c9415b56faae664dc28c2391042a562016125f4ee66a3598027c8dc61.css?body=1" for ::1 at 2016-02-19 15:17:10 -0800


Started GET "/assets/users.self-e3b0c44298fc1c149afbf4c8996fb92427ae41e4649b934ca495991b7852b855.css?body=1" for ::1 at 2016-02-19 15:17:10 -0800


Started GET "/assets/application.self-e80e8f2318043e8af94dddc2adad5a4f09739a8ebb323b3ab31cd71d45fd9113.css?body=1" for ::1 at 2016-02-19 15:17:10 -0800


Started GET "/assets/jquery.self-c64a74367bda6ef8b860f19e74df08927ca99d2be2ac934e9e92d5fd361e0da4.js?body=1" for ::1 at 2016-02-19 15:17:10 -0800


Started GET "/assets/application.self-1850b7487ee6c7a63a346fb9988b4ba871b2dcffe369115e620e1f01ec98ced4.js?body=1" for ::1 at 2016-02-19 15:17:10 -0800


Started GET "/assets/z.jquery.fileupload.self-e3b0c44298fc1c149afbf4c8996fb92427ae41e4649b934ca495991b7852b855.js?body=1" for ::1 at 2016-02-19 15:17:10 -0800


Started GET "/assets/jquery.ui.widget.self-e3b0c44298fc1c149afbf4c8996fb92427ae41e4649b934ca495991b7852b855.js?body=1" for ::1 at 2016-02-19 15:17:10 -0800


Started GET "/assets/jquery_ujs.self-d602bdfe68ffc63b9f9cc512872aa3cfff046228a0a36e90dd476e8ef54c1b09.js?body=1" for ::1 at 2016-02-19 15:17:10 -0800


Started GET "/assets/users.self-877aef30ae1b040ab8a3aba4e3e309a11d7f2612f44dde450b5c157aa5f95c05.js?body=1" for ::1 at 2016-02-19 15:17:10 -0800


Started GET "/users/new" for ::1 at 2016-02-19 15:17:28 -0800
Processing by UsersController#new as HTML
  Rendered users/_form.html.erb (1.4ms)
  Rendered users/new.html.erb within layouts/application (2.5ms)
Completed 200 OK in 89ms (Views: 87.8ms | ActiveRecord: 0.0ms)


Started GET "/assets/scaffolds.self-208bd23c9415b56faae664dc28c2391042a562016125f4ee66a3598027c8dc61.css?body=1" for ::1 at 2016-02-19 15:17:28 -0800


Started GET "/assets/jquery.self-c64a74367bda6ef8b860f19e74df08927ca99d2be2ac934e9e92d5fd361e0da4.js?body=1" for ::1 at 2016-02-19 15:17:28 -0800


Started GET "/assets/application.self-e80e8f2318043e8af94dddc2adad5a4f09739a8ebb323b3ab31cd71d45fd9113.css?body=1" for ::1 at 2016-02-19 15:17:28 -0800


Started GET "/assets/jquery_ujs.self-d602bdfe68ffc63b9f9cc512872aa3cfff046228a0a36e90dd476e8ef54c1b09.js?body=1" for ::1 at 2016-02-19 15:17:28 -0800


Started GET "/assets/jquery.ui.widget.self-e3b0c44298fc1c149afbf4c8996fb92427ae41e4649b934ca495991b7852b855.js?body=1" for ::1 at 2016-02-19 15:17:28 -0800


Started GET "/assets/users.self-e3b0c44298fc1c149afbf4c8996fb92427ae41e4649b934ca495991b7852b855.css?body=1" for ::1 at 2016-02-19 15:17:28 -0800


Started GET "/assets/z.jquery.fileupload.self-e3b0c44298fc1c149afbf4c8996fb92427ae41e4649b934ca495991b7852b855.js?body=1" for ::1 at 2016-02-19 15:17:28 -0800


Started GET "/assets/users.self-877aef30ae1b040ab8a3aba4e3e309a11d7f2612f44dde450b5c157aa5f95c05.js?body=1" for ::1 at 2016-02-19 15:17:28 -0800


Started GET "/assets/application.self-3c12c2c4e65ed7bd7b6e9981a80b01260d3a4f36b54bd38a9fec31c30243b61e.js?body=1" for ::1 at 2016-02-19 15:17:28 -0800


Started GET "/users/new" for ::1 at 2016-02-19 15:19:01 -0800
Processing by UsersController#new as HTML
  Rendered users/_form.html.erb (2.4ms)
  Rendered users/new.html.erb within layouts/application (3.3ms)
Completed 200 OK in 118ms (Views: 117.1ms | ActiveRecord: 0.0ms)


Started GET "/assets/scaffolds.self-208bd23c9415b56faae664dc28c2391042a562016125f4ee66a3598027c8dc61.css?body=1" for ::1 at 2016-02-19 15:19:01 -0800


Started GET "/assets/users.self-e3b0c44298fc1c149afbf4c8996fb92427ae41e4649b934ca495991b7852b855.css?body=1" for ::1 at 2016-02-19 15:19:01 -0800


Started GET "/assets/jquery.ui.widget.self-b36f57dc8fcd91e2e7d44d0c5969e797a55d79f19073ecbd3f5093778e5ad482.js?body=1" for ::1 at 2016-02-19 15:19:01 -0800


Started GET "/assets/jquery.self-c64a74367bda6ef8b860f19e74df08927ca99d2be2ac934e9e92d5fd361e0da4.js?body=1" for ::1 at 2016-02-19 15:19:01 -0800


Started GET "/assets/application.self-e80e8f2318043e8af94dddc2adad5a4f09739a8ebb323b3ab31cd71d45fd9113.css?body=1" for ::1 at 2016-02-19 15:19:01 -0800


Started GET "/assets/jquery_ujs.self-d602bdfe68ffc63b9f9cc512872aa3cfff046228a0a36e90dd476e8ef54c1b09.js?body=1" for ::1 at 2016-02-19 15:19:01 -0800


Started GET "/assets/z.jquery.fileupload.self-c6cbb0b05ba3d5565ddfbc78d52abc7a89e964b7cb015b0c930d5bb6c89e4b8f.js?body=1" for ::1 at 2016-02-19 15:19:01 -0800


Started GET "/assets/users.self-877aef30ae1b040ab8a3aba4e3e309a11d7f2612f44dde450b5c157aa5f95c05.js?body=1" for ::1 at 2016-02-19 15:19:01 -0800


Started GET "/assets/application.self-3c12c2c4e65ed7bd7b6e9981a80b01260d3a4f36b54bd38a9fec31c30243b61e.js?body=1" for ::1 at 2016-02-19 15:19:01 -0800


Started GET "/users/new" for ::1 at 2016-02-19 15:25:55 -0800
Processing by UsersController#new as HTML
  Rendered users/_form.html.erb (1.1ms)
  Rendered users/new.html.erb within layouts/application (2.2ms)
Completed 200 OK in 83ms (Views: 82.0ms | ActiveRecord: 0.0ms)


Started GET "/assets/scaffolds.self-208bd23c9415b56faae664dc28c2391042a562016125f4ee66a3598027c8dc61.css?body=1" for ::1 at 2016-02-19 15:25:55 -0800


Started GET "/assets/users.self-e3b0c44298fc1c149afbf4c8996fb92427ae41e4649b934ca495991b7852b855.css?body=1" for ::1 at 2016-02-19 15:25:55 -0800


Started GET "/assets/z.jquery.fileupload.self-c6cbb0b05ba3d5565ddfbc78d52abc7a89e964b7cb015b0c930d5bb6c89e4b8f.js?body=1" for ::1 at 2016-02-19 15:25:55 -0800


Started GET "/assets/application.self-e80e8f2318043e8af94dddc2adad5a4f09739a8ebb323b3ab31cd71d45fd9113.css?body=1" for ::1 at 2016-02-19 15:25:55 -0800


Started GET "/assets/jquery_ujs.self-d602bdfe68ffc63b9f9cc512872aa3cfff046228a0a36e90dd476e8ef54c1b09.js?body=1" for ::1 at 2016-02-19 15:25:55 -0800


Started GET "/assets/jquery.self-c64a74367bda6ef8b860f19e74df08927ca99d2be2ac934e9e92d5fd361e0da4.js?body=1" for ::1 at 2016-02-19 15:25:55 -0800


Started GET "/assets/jquery.ui.widget.self-b36f57dc8fcd91e2e7d44d0c5969e797a55d79f19073ecbd3f5093778e5ad482.js?body=1" for ::1 at 2016-02-19 15:25:55 -0800


Started GET "/assets/users.self-877aef30ae1b040ab8a3aba4e3e309a11d7f2612f44dde450b5c157aa5f95c05.js?body=1" for ::1 at 2016-02-19 15:25:55 -0800


Started GET "/assets/application.self-f8806224e027f3e3f0138ea9ce99319e298dfdb323304d1f1be6eae8e8c74724.js?body=1" for ::1 at 2016-02-19 15:25:55 -0800


Started GET "/users/new" for ::1 at 2016-02-19 15:29:30 -0800
Processing by UsersController#new as HTML
  Rendered users/_form.html.erb (4.1ms)
  Rendered users/new.html.erb within layouts/application (5.2ms)
Completed 200 OK in 19ms (Views: 17.7ms | ActiveRecord: 0.0ms)


Started GET "/assets/users.self-e3b0c44298fc1c149afbf4c8996fb92427ae41e4649b934ca495991b7852b855.css?body=1" for ::1 at 2016-02-19 15:29:30 -0800


Started GET "/assets/jquery_ujs.self-d602bdfe68ffc63b9f9cc512872aa3cfff046228a0a36e90dd476e8ef54c1b09.js?body=1" for ::1 at 2016-02-19 15:29:30 -0800


Started GET "/assets/jquery.self-c64a74367bda6ef8b860f19e74df08927ca99d2be2ac934e9e92d5fd361e0da4.js?body=1" for ::1 at 2016-02-19 15:29:30 -0800


Started GET "/assets/scaffolds.self-208bd23c9415b56faae664dc28c2391042a562016125f4ee66a3598027c8dc61.css?body=1" for ::1 at 2016-02-19 15:29:30 -0800


Started GET "/assets/jquery.ui.widget.self-b36f57dc8fcd91e2e7d44d0c5969e797a55d79f19073ecbd3f5093778e5ad482.js?body=1" for ::1 at 2016-02-19 15:29:30 -0800


Started GET "/assets/application.self-e80e8f2318043e8af94dddc2adad5a4f09739a8ebb323b3ab31cd71d45fd9113.css?body=1" for ::1 at 2016-02-19 15:29:30 -0800


Started GET "/assets/z.jquery.fileupload.self-c6cbb0b05ba3d5565ddfbc78d52abc7a89e964b7cb015b0c930d5bb6c89e4b8f.js?body=1" for ::1 at 2016-02-19 15:29:30 -0800


Started GET "/assets/users.self-877aef30ae1b040ab8a3aba4e3e309a11d7f2612f44dde450b5c157aa5f95c05.js?body=1" for ::1 at 2016-02-19 15:29:30 -0800


Started GET "/assets/application.self-f8806224e027f3e3f0138ea9ce99319e298dfdb323304d1f1be6eae8e8c74724.js?body=1" for ::1 at 2016-02-19 15:29:30 -0800


Started GET "/users/new" for ::1 at 2016-02-19 15:31:41 -0800
Processing by UsersController#new as HTML
  Rendered users/_form.html.erb (1.7ms)
  Rendered users/new.html.erb within layouts/application (3.3ms)
Completed 200 OK in 98ms (Views: 96.6ms | ActiveRecord: 0.0ms)


Started GET "/assets/users.self-e3b0c44298fc1c149afbf4c8996fb92427ae41e4649b934ca495991b7852b855.css?body=1" for ::1 at 2016-02-19 15:31:41 -0800


Started GET "/assets/application.self-e4fd6dbbcc3c32e8f0b5c7b20ece5f1495362083db54b91f0157ffac40c407a9.css?body=1" for ::1 at 2016-02-19 15:31:41 -0800


Started GET "/assets/jquery.self-c64a74367bda6ef8b860f19e74df08927ca99d2be2ac934e9e92d5fd361e0da4.js?body=1" for ::1 at 2016-02-19 15:31:41 -0800


Started GET "/assets/scaffolds.self-208bd23c9415b56faae664dc28c2391042a562016125f4ee66a3598027c8dc61.css?body=1" for ::1 at 2016-02-19 15:31:41 -0800


Started GET "/assets/jquery.ui.widget.self-b36f57dc8fcd91e2e7d44d0c5969e797a55d79f19073ecbd3f5093778e5ad482.js?body=1" for ::1 at 2016-02-19 15:31:41 -0800


Started GET "/assets/jquery_ujs.self-d602bdfe68ffc63b9f9cc512872aa3cfff046228a0a36e90dd476e8ef54c1b09.js?body=1" for ::1 at 2016-02-19 15:31:41 -0800


Started GET "/assets/z.jquery.fileupload.self-c6cbb0b05ba3d5565ddfbc78d52abc7a89e964b7cb015b0c930d5bb6c89e4b8f.js?body=1" for ::1 at 2016-02-19 15:31:41 -0800


Started GET "/assets/users.self-877aef30ae1b040ab8a3aba4e3e309a11d7f2612f44dde450b5c157aa5f95c05.js?body=1" for ::1 at 2016-02-19 15:31:41 -0800


Started GET "/assets/application.self-2724d6c68d98c8a85593d6bd60d2fe181902c36ad3279b3385b64916f964ac4b.js?body=1" for ::1 at 2016-02-19 15:31:41 -0800


Started GET "/users/new" for ::1 at 2016-02-19 15:32:50 -0800
Processing by UsersController#new as HTML
  Rendered users/_form.html.erb (1.6ms)
  Rendered users/new.html.erb within layouts/application (2.5ms)
Completed 200 OK in 86ms (Views: 85.3ms | ActiveRecord: 0.0ms)


Started GET "/assets/scaffolds.self-208bd23c9415b56faae664dc28c2391042a562016125f4ee66a3598027c8dc61.css?body=1" for ::1 at 2016-02-19 15:32:50 -0800


Started GET "/assets/application.self-684ee4ca9f9c124a2990e9460fd53c6c71247c67d77ceac5142e9f9a687d4f28.js?body=1" for ::1 at 2016-02-19 15:32:50 -0800


Started GET "/assets/users.self-e3b0c44298fc1c149afbf4c8996fb92427ae41e4649b934ca495991b7852b855.css?body=1" for ::1 at 2016-02-19 15:32:50 -0800


Started GET "/assets/application.self-e4fd6dbbcc3c32e8f0b5c7b20ece5f1495362083db54b91f0157ffac40c407a9.css?body=1" for ::1 at 2016-02-19 15:32:51 -0800


Started GET "/assets/jquery.self-c64a74367bda6ef8b860f19e74df08927ca99d2be2ac934e9e92d5fd361e0da4.js?body=1" for ::1 at 2016-02-19 15:32:51 -0800


Started GET "/assets/jquery_ujs.self-d602bdfe68ffc63b9f9cc512872aa3cfff046228a0a36e90dd476e8ef54c1b09.js?body=1" for ::1 at 2016-02-19 15:32:51 -0800


Started GET "/assets/jquery.ui.widget.self-b36f57dc8fcd91e2e7d44d0c5969e797a55d79f19073ecbd3f5093778e5ad482.js?body=1" for ::1 at 2016-02-19 15:32:51 -0800


Started GET "/assets/z.jquery.fileupload.self-c6cbb0b05ba3d5565ddfbc78d52abc7a89e964b7cb015b0c930d5bb6c89e4b8f.js?body=1" for ::1 at 2016-02-19 15:32:51 -0800


Started GET "/assets/users.self-877aef30ae1b040ab8a3aba4e3e309a11d7f2612f44dde450b5c157aa5f95c05.js?body=1" for ::1 at 2016-02-19 15:32:51 -0800


Started GET "/users/new" for ::1 at 2016-02-19 15:34:04 -0800
Processing by UsersController#new as HTML
  Rendered users/_form.html.erb (1.9ms)
  Rendered users/new.html.erb within layouts/application (3.6ms)
Completed 200 OK in 82ms (Views: 81.1ms | ActiveRecord: 0.0ms)


Started GET "/assets/scaffolds.self-208bd23c9415b56faae664dc28c2391042a562016125f4ee66a3598027c8dc61.css?body=1" for ::1 at 2016-02-19 15:34:04 -0800


Started GET "/assets/jquery.self-c64a74367bda6ef8b860f19e74df08927ca99d2be2ac934e9e92d5fd361e0da4.js?body=1" for ::1 at 2016-02-19 15:34:04 -0800


Started GET "/assets/application.self-e4fd6dbbcc3c32e8f0b5c7b20ece5f1495362083db54b91f0157ffac40c407a9.css?body=1" for ::1 at 2016-02-19 15:34:04 -0800


Started GET "/assets/jquery_ujs.self-d602bdfe68ffc63b9f9cc512872aa3cfff046228a0a36e90dd476e8ef54c1b09.js?body=1" for ::1 at 2016-02-19 15:34:04 -0800


Started GET "/assets/users.self-e3b0c44298fc1c149afbf4c8996fb92427ae41e4649b934ca495991b7852b855.css?body=1" for ::1 at 2016-02-19 15:34:04 -0800


Started GET "/assets/jquery.ui.widget.self-b36f57dc8fcd91e2e7d44d0c5969e797a55d79f19073ecbd3f5093778e5ad482.js?body=1" for ::1 at 2016-02-19 15:34:04 -0800


Started GET "/assets/z.jquery.fileupload.self-c6cbb0b05ba3d5565ddfbc78d52abc7a89e964b7cb015b0c930d5bb6c89e4b8f.js?body=1" for ::1 at 2016-02-19 15:34:04 -0800


Started GET "/assets/users.self-877aef30ae1b040ab8a3aba4e3e309a11d7f2612f44dde450b5c157aa5f95c05.js?body=1" for ::1 at 2016-02-19 15:34:04 -0800


Started GET "/assets/application.self-126e3354df6f0fcceec722e4dc54b39db8c7913c20931ce749a6db5bedd30607.js?body=1" for ::1 at 2016-02-19 15:34:04 -0800


Started GET "/users/new" for ::1 at 2016-02-19 15:35:53 -0800
Processing by UsersController#new as HTML
  Rendered users/_form.html.erb (2.1ms)
  Rendered users/new.html.erb within layouts/application (3.5ms)
Completed 200 OK in 89ms (Views: 88.4ms | ActiveRecord: 0.0ms)


Started GET "/assets/scaffolds.self-208bd23c9415b56faae664dc28c2391042a562016125f4ee66a3598027c8dc61.css?body=1" for ::1 at 2016-02-19 15:35:53 -0800


Started GET "/assets/jquery_ujs.self-d602bdfe68ffc63b9f9cc512872aa3cfff046228a0a36e90dd476e8ef54c1b09.js?body=1" for ::1 at 2016-02-19 15:35:53 -0800


Started GET "/assets/jquery.ui.widget.self-b36f57dc8fcd91e2e7d44d0c5969e797a55d79f19073ecbd3f5093778e5ad482.js?body=1" for ::1 at 2016-02-19 15:35:53 -0800


Started GET "/assets/application.self-e4fd6dbbcc3c32e8f0b5c7b20ece5f1495362083db54b91f0157ffac40c407a9.css?body=1" for ::1 at 2016-02-19 15:35:53 -0800


Started GET "/assets/users.self-e3b0c44298fc1c149afbf4c8996fb92427ae41e4649b934ca495991b7852b855.css?body=1" for ::1 at 2016-02-19 15:35:53 -0800


Started GET "/assets/jquery.self-c64a74367bda6ef8b860f19e74df08927ca99d2be2ac934e9e92d5fd361e0da4.js?body=1" for ::1 at 2016-02-19 15:35:53 -0800


Started GET "/assets/application.self-7c6e9c06ec2aced22475b6140f330fc2d2c5fe8ba61bb6d1e443499f72b93b6b.js?body=1" for ::1 at 2016-02-19 15:35:53 -0800


Started GET "/assets/z.jquery.fileupload.self-c6cbb0b05ba3d5565ddfbc78d52abc7a89e964b7cb015b0c930d5bb6c89e4b8f.js?body=1" for ::1 at 2016-02-19 15:35:53 -0800


Started GET "/assets/users.self-877aef30ae1b040ab8a3aba4e3e309a11d7f2612f44dde450b5c157aa5f95c05.js?body=1" for ::1 at 2016-02-19 15:35:53 -0800


Started GET "/users/new" for ::1 at 2016-02-19 15:38:26 -0800
Processing by UsersController#new as HTML
  Rendered users/_form.html.erb (1.6ms)
  Rendered users/new.html.erb within layouts/application (2.7ms)
Completed 200 OK in 19ms (Views: 18.5ms | ActiveRecord: 0.0ms)


Started GET "/assets/scaffolds.self-208bd23c9415b56faae664dc28c2391042a562016125f4ee66a3598027c8dc61.css?body=1" for ::1 at 2016-02-19 15:38:26 -0800


Started GET "/assets/users.self-e3b0c44298fc1c149afbf4c8996fb92427ae41e4649b934ca495991b7852b855.css?body=1" for ::1 at 2016-02-19 15:38:26 -0800


Started GET "/assets/application.self-e4fd6dbbcc3c32e8f0b5c7b20ece5f1495362083db54b91f0157ffac40c407a9.css?body=1" for ::1 at 2016-02-19 15:38:26 -0800


Started GET "/assets/jquery.self-c64a74367bda6ef8b860f19e74df08927ca99d2be2ac934e9e92d5fd361e0da4.js?body=1" for ::1 at 2016-02-19 15:38:26 -0800


Started GET "/assets/jquery.ui.widget.self-b36f57dc8fcd91e2e7d44d0c5969e797a55d79f19073ecbd3f5093778e5ad482.js?body=1" for ::1 at 2016-02-19 15:38:26 -0800


Started GET "/assets/z.jquery.fileupload.self-c6cbb0b05ba3d5565ddfbc78d52abc7a89e964b7cb015b0c930d5bb6c89e4b8f.js?body=1" for ::1 at 2016-02-19 15:38:26 -0800


Started GET "/assets/jquery_ujs.self-d602bdfe68ffc63b9f9cc512872aa3cfff046228a0a36e90dd476e8ef54c1b09.js?body=1" for ::1 at 2016-02-19 15:38:26 -0800


Started GET "/assets/users.self-877aef30ae1b040ab8a3aba4e3e309a11d7f2612f44dde450b5c157aa5f95c05.js?body=1" for ::1 at 2016-02-19 15:38:26 -0800


Started GET "/assets/application.self-7c6e9c06ec2aced22475b6140f330fc2d2c5fe8ba61bb6d1e443499f72b93b6b.js?body=1" for ::1 at 2016-02-19 15:38:26 -0800


Started POST "/users" for ::1 at 2016-02-19 15:48:58 -0800
Processing by UsersController#create as HTML
  Parameters: {"utf8"=>"✓", "authenticity_token"=>"RtCLM2HFtj2LdatFpRUsZd75V4Re5Pfb58eQ8C+8+LJPeBFXe2iYUo1bSj7tyIvQwvk7WXB+MPFI9bhxJPqCkQ==", "user"=>{"name"=>"Test!", "avatar_url"=>"//direct-to-s3-test.s3-us-west-1.amazonaws.com/uploads/264e52bc-dbcf-4cdb-9fd3-530a2904b14e/babystig.png"}, "commit"=>"Create User"}
  [1m[35m (0.1ms)[0m  BEGIN
  [1m[36mSQL (18.9ms)[0m  [1mINSERT INTO "users" ("name", "avatar_url", "created_at", "updated_at") VALUES ($1, $2, $3, $4) RETURNING "id"[0m  [["name", "Test!"], ["avatar_url", "//direct-to-s3-test.s3-us-west-1.amazonaws.com/uploads/264e52bc-dbcf-4cdb-9fd3-530a2904b14e/babystig.png"], ["created_at", "2016-02-19 23:48:58.812849"], ["updated_at", "2016-02-19 23:48:58.812849"]]
  [1m[35m (69.1ms)[0m  COMMIT
Redirected to http://localhost:3000/users/1
Completed 302 Found in 96ms (ActiveRecord: 88.2ms)


Started GET "/users/1" for ::1 at 2016-02-19 15:48:58 -0800
Processing by UsersController#show as HTML
  Parameters: {"id"=>"1"}
  [1m[36mUser Load (0.2ms)[0m  [1mSELECT  "users".* FROM "users" WHERE "users"."id" = $1 LIMIT 1[0m  [["id", 1]]
  Rendered users/show.html.erb within layouts/application (0.8ms)
Completed 200 OK in 21ms (Views: 14.3ms | ActiveRecord: 0.2ms)


Started GET "/users/1" for ::1 at 2016-02-19 16:02:54 -0800
Processing by UsersController#show as HTML
  Parameters: {"id"=>"1"}
  [1m[35mUser Load (20.6ms)[0m  SELECT  "users".* FROM "users" WHERE "users"."id" = $1 LIMIT 1  [["id", 1]]
  Rendered users/show.html.erb within layouts/application (3.1ms)
Completed 200 OK in 86ms (Views: 51.3ms | ActiveRecord: 20.6ms)


Started GET "/users/1" for ::1 at 2016-02-19 16:03:44 -0800
Processing by UsersController#show as HTML
  Parameters: {"id"=>"1"}
  [1m[36mUser Load (0.5ms)[0m  [1mSELECT  "users".* FROM "users" WHERE "users"."id" = $1 LIMIT 1[0m  [["id", 1]]
  Rendered users/show.html.erb within layouts/application (6.7ms)
Completed 200 OK in 39ms (Views: 37.1ms | ActiveRecord: 0.5ms)


Started GET "/assets/application.self-e4fd6dbbcc3c32e8f0b5c7b20ece5f1495362083db54b91f0157ffac40c407a9.css?body=1" for ::1 at 2016-02-19 16:03:44 -0800


Started GET "/assets/users.self-e3b0c44298fc1c149afbf4c8996fb92427ae41e4649b934ca495991b7852b855.css?body=1" for ::1 at 2016-02-19 16:03:44 -0800


Started GET "/assets/jquery.self-c64a74367bda6ef8b860f19e74df08927ca99d2be2ac934e9e92d5fd361e0da4.js?body=1" for ::1 at 2016-02-19 16:03:44 -0800


Started GET "/assets/scaffolds.self-208bd23c9415b56faae664dc28c2391042a562016125f4ee66a3598027c8dc61.css?body=1" for ::1 at 2016-02-19 16:03:44 -0800


Started GET "/assets/jquery_ujs.self-d602bdfe68ffc63b9f9cc512872aa3cfff046228a0a36e90dd476e8ef54c1b09.js?body=1" for ::1 at 2016-02-19 16:03:44 -0800


Started GET "/assets/z.jquery.fileupload.self-c6cbb0b05ba3d5565ddfbc78d52abc7a89e964b7cb015b0c930d5bb6c89e4b8f.js?body=1" for ::1 at 2016-02-19 16:03:44 -0800


Started GET "/assets/users.self-877aef30ae1b040ab8a3aba4e3e309a11d7f2612f44dde450b5c157aa5f95c05.js?body=1" for ::1 at 2016-02-19 16:03:44 -0800


Started GET "/assets/jquery.ui.widget.self-b36f57dc8fcd91e2e7d44d0c5969e797a55d79f19073ecbd3f5093778e5ad482.js?body=1" for ::1 at 2016-02-19 16:03:44 -0800


Started GET "/assets/application.self-7c6e9c06ec2aced22475b6140f330fc2d2c5fe8ba61bb6d1e443499f72b93b6b.js?body=1" for ::1 at 2016-02-19 16:03:44 -0800


Started GET "/users/1" for ::1 at 2016-02-19 16:08:35 -0800
Processing by UsersController#show as HTML
  Parameters: {"id"=>"1"}
  [1m[35mUser Load (0.3ms)[0m  SELECT  "users".* FROM "users" WHERE "users"."id" = $1 LIMIT 1  [["id", 1]]
  Rendered users/show.html.erb within layouts/application (0.5ms)
Completed 200 OK in 30ms (Views: 28.5ms | ActiveRecord: 0.3ms)


Started GET "/assets/scaffolds.self-208bd23c9415b56faae664dc28c2391042a562016125f4ee66a3598027c8dc61.css?body=1" for ::1 at 2016-02-19 16:08:35 -0800


Started GET "/assets/users.self-e3b0c44298fc1c149afbf4c8996fb92427ae41e4649b934ca495991b7852b855.css?body=1" for ::1 at 2016-02-19 16:08:35 -0800


Started GET "/assets/application.self-e4fd6dbbcc3c32e8f0b5c7b20ece5f1495362083db54b91f0157ffac40c407a9.css?body=1" for ::1 at 2016-02-19 16:08:35 -0800


Started GET "/assets/jquery.self-c64a74367bda6ef8b860f19e74df08927ca99d2be2ac934e9e92d5fd361e0da4.js?body=1" for ::1 at 2016-02-19 16:08:35 -0800


Started GET "/assets/jquery.ui.widget.self-b36f57dc8fcd91e2e7d44d0c5969e797a55d79f19073ecbd3f5093778e5ad482.js?body=1" for ::1 at 2016-02-19 16:08:35 -0800


Started GET "/assets/jquery_ujs.self-d602bdfe68ffc63b9f9cc512872aa3cfff046228a0a36e90dd476e8ef54c1b09.js?body=1" for ::1 at 2016-02-19 16:08:35 -0800


Started GET "/assets/users.self-877aef30ae1b040ab8a3aba4e3e309a11d7f2612f44dde450b5c157aa5f95c05.js?body=1" for ::1 at 2016-02-19 16:08:35 -0800


Started GET "/assets/z.jquery.fileupload.self-c6cbb0b05ba3d5565ddfbc78d52abc7a89e964b7cb015b0c930d5bb6c89e4b8f.js?body=1" for ::1 at 2016-02-19 16:08:35 -0800


Started GET "/assets/application.self-7c6e9c06ec2aced22475b6140f330fc2d2c5fe8ba61bb6d1e443499f72b93b6b.js?body=1" for ::1 at 2016-02-19 16:08:35 -0800
  [1m[36mUser Load (2.2ms)[0m  [1mSELECT  "users".* FROM "users"  ORDER BY "users"."id" DESC LIMIT 1[0m
  [1m[35mUser Load (0.5ms)[0m  SELECT  "users".* FROM "users"  ORDER BY "users"."id" DESC LIMIT 1
  [1m[36m (0.1ms)[0m  [1mBEGIN[0m
  [1m[35mSQL (0.3ms)[0m  DELETE FROM "users" WHERE "users"."id" = $1  [["id", 1]]
  [1m[36m (12.5ms)[0m  [1mCOMMIT[0m


Started GET "/users/1" for ::1 at 2016-02-19 16:24:00 -0800
Processing by UsersController#show as HTML
  Parameters: {"id"=>"1"}
  [1m[36mUser Load (19.4ms)[0m  [1mSELECT  "users".* FROM "users" WHERE "users"."id" = $1 LIMIT 1[0m  [["id", 1]]
Completed 404 Not Found in 42ms (ActiveRecord: 19.4ms)

ActiveRecord::RecordNotFound (Couldn't find User with 'id'=1):
  app/controllers/users_controller.rb:68:in `set_user'


  Rendered /Users/nil/.rbenv/versions/2.2.1/lib/ruby/gems/2.2.0/gems/actionpack-4.2.5.1/lib/action_dispatch/middleware/templates/rescues/_source.erb (8.9ms)
  Rendered /Users/nil/.rbenv/versions/2.2.1/lib/ruby/gems/2.2.0/gems/actionpack-4.2.5.1/lib/action_dispatch/middleware/templates/rescues/_trace.html.erb (4.1ms)
  Rendered /Users/nil/.rbenv/versions/2.2.1/lib/ruby/gems/2.2.0/gems/actionpack-4.2.5.1/lib/action_dispatch/middleware/templates/rescues/_request_and_response.html.erb (2.3ms)
  Rendered /Users/nil/.rbenv/versions/2.2.1/lib/ruby/gems/2.2.0/gems/actionpack-4.2.5.1/lib/action_dispatch/middleware/templates/rescues/diagnostics.html.erb within rescues/layout (64.4ms)
  Rendered /Users/nil/.rbenv/versions/2.2.1/lib/ruby/gems/2.2.0/gems/web-console-2.3.0/lib/web_console/templates/_markup.html.erb (0.9ms)
  Rendered /Users/nil/.rbenv/versions/2.2.1/lib/ruby/gems/2.2.0/gems/web-console-2.3.0/lib/web_console/templates/_inner_console_markup.html.erb within layouts/inlined_string (0.5ms)
  Rendered /Users/nil/.rbenv/versions/2.2.1/lib/ruby/gems/2.2.0/gems/web-console-2.3.0/lib/web_console/templates/_prompt_box_markup.html.erb within layouts/inlined_string (0.4ms)
  Rendered /Users/nil/.rbenv/versions/2.2.1/lib/ruby/gems/2.2.0/gems/web-console-2.3.0/lib/web_console/templates/style.css.erb within layouts/inlined_string (0.5ms)
  Rendered /Users/nil/.rbenv/versions/2.2.1/lib/ruby/gems/2.2.0/gems/web-console-2.3.0/lib/web_console/templates/console.js.erb within layouts/javascript (50.4ms)
  Rendered /Users/nil/.rbenv/versions/2.2.1/lib/ruby/gems/2.2.0/gems/web-console-2.3.0/lib/web_console/templates/main.js.erb within layouts/javascript (0.5ms)
  Rendered /Users/nil/.rbenv/versions/2.2.1/lib/ruby/gems/2.2.0/gems/web-console-2.3.0/lib/web_console/templates/error_page.js.erb within layouts/javascript (0.5ms)
  Rendered /Users/nil/.rbenv/versions/2.2.1/lib/ruby/gems/2.2.0/gems/web-console-2.3.0/lib/web_console/templates/index.html.erb (109.1ms)


Started GET "/users/new" for ::1 at 2016-02-19 16:24:09 -0800
Processing by UsersController#new as HTML
  Rendered users/_form.html.erb (6.4ms)
  Rendered users/new.html.erb within layouts/application (7.9ms)
Completed 200 OK in 41ms (Views: 38.1ms | ActiveRecord: 0.0ms)


Started GET "/users" for ::1 at 2016-02-19 16:24:14 -0800
Processing by UsersController#index as HTML
  [1m[35mUser Load (12.2ms)[0m  SELECT "users".* FROM "users"
  Rendered users/index.html.erb within layouts/application (16.8ms)
Completed 200 OK in 40ms (Views: 26.9ms | ActiveRecord: 12.2ms)


Started GET "/users/new" for ::1 at 2016-02-19 16:24:19 -0800
Processing by UsersController#new as HTML
  Rendered users/_form.html.erb (2.5ms)
  Rendered users/new.html.erb within layouts/application (3.8ms)
Completed 200 OK in 27ms (Views: 26.1ms | ActiveRecord: 0.0ms)


Started POST "/users" for ::1 at 2016-02-19 16:24:26 -0800
Processing by UsersController#create as HTML
  Parameters: {"utf8"=>"✓", "authenticity_token"=>"bsHroofuYelrvhHKE/sHvYIQdyXjgqdZ94HbLmgJP/tnaXHGnUNPhm2Q8LFbJqAInhAb+M0YYHNYs/OvY09F2A==", "user"=>{"name"=>""}, "commit"=>"Create User"}
  [1m[36m (0.1ms)[0m  [1mBEGIN[0m
  [1m[35mSQL (6.1ms)[0m  INSERT INTO "users" ("name", "created_at", "updated_at") VALUES ($1, $2, $3) RETURNING "id"  [["name", ""], ["created_at", "2016-02-20 00:24:26.021598"], ["updated_at", "2016-02-20 00:24:26.021598"]]
  [1m[36m (6.3ms)[0m  [1mCOMMIT[0m
Redirected to http://localhost:3000/users/2
Completed 302 Found in 28ms (ActiveRecord: 12.5ms)


Started GET "/users/2" for ::1 at 2016-02-19 16:24:26 -0800
Processing by UsersController#show as HTML
  Parameters: {"id"=>"2"}
  [1m[35mUser Load (0.3ms)[0m  SELECT  "users".* FROM "users" WHERE "users"."id" = $1 LIMIT 1  [["id", 2]]
  Rendered users/show.html.erb within layouts/application (0.5ms)
Completed 200 OK in 24ms (Views: 22.6ms | ActiveRecord: 0.3ms)


Started GET "/users" for ::1 at 2016-02-19 16:24:28 -0800
Processing by UsersController#index as HTML
  [1m[36mUser Load (0.3ms)[0m  [1mSELECT "users".* FROM "users"[0m
  Rendered users/index.html.erb within layouts/application (1.7ms)
Completed 200 OK in 22ms (Views: 21.2ms | ActiveRecord: 0.3ms)


Started GET "/users/2/edit" for ::1 at 2016-02-19 16:24:34 -0800
Processing by UsersController#edit as HTML
  Parameters: {"id"=>"2"}
  [1m[35mUser Load (0.2ms)[0m  SELECT  "users".* FROM "users" WHERE "users"."id" = $1 LIMIT 1  [["id", 2]]
  Rendered users/_form.html.erb (2.4ms)
  Rendered users/edit.html.erb within layouts/application (23.6ms)
Completed 200 OK in 42ms (Views: 40.6ms | ActiveRecord: 0.2ms)


Started GET "/users" for ::1 at 2016-02-19 16:24:36 -0800
Processing by UsersController#index as HTML
  [1m[36mUser Load (0.2ms)[0m  [1mSELECT "users".* FROM "users"[0m
  Rendered users/index.html.erb within layouts/application (1.3ms)
Completed 200 OK in 17ms (Views: 16.0ms | ActiveRecord: 0.2ms)


Started DELETE "/users/2" for ::1 at 2016-02-19 16:24:38 -0800
Processing by UsersController#destroy as HTML
  Parameters: {"authenticity_token"=>"KvbC6xqJdK9qCeVYH0wZS2m9kwYo+/ChDtRcT0Cy+cIjXliPACRawGwnBCNXkb7+db3/2wZhN4uh5nTOS/SD4Q==", "id"=>"2"}
  [1m[35mUser Load (0.4ms)[0m  SELECT  "users".* FROM "users" WHERE "users"."id" = $1 LIMIT 1  [["id", 2]]
  [1m[36m (0.1ms)[0m  [1mBEGIN[0m
  [1m[35mSQL (0.8ms)[0m  DELETE FROM "users" WHERE "users"."id" = $1  [["id", 2]]
  [1m[36m (5.7ms)[0m  [1mCOMMIT[0m
Redirected to http://localhost:3000/users
Completed 302 Found in 11ms (ActiveRecord: 7.0ms)


Started GET "/users" for ::1 at 2016-02-19 16:24:38 -0800
Processing by UsersController#index as HTML
  [1m[35mUser Load (0.2ms)[0m  SELECT "users".* FROM "users"
  Rendered users/index.html.erb within layouts/application (0.8ms)
Completed 200 OK in 16ms (Views: 15.4ms | ActiveRecord: 0.2ms)


Started GET "/users" for ::1 at 2016-02-19 16:24:42 -0800
Processing by UsersController#index as HTML
  [1m[36mUser Load (0.3ms)[0m  [1mSELECT "users".* FROM "users"[0m
  Rendered users/index.html.erb within layouts/application (1.0ms)
Completed 200 OK in 16ms (Views: 15.5ms | ActiveRecord: 0.3ms)


Started GET "/assets/scaffolds.self-208bd23c9415b56faae664dc28c2391042a562016125f4ee66a3598027c8dc61.css?body=1" for ::1 at 2016-02-19 16:24:42 -0800


Started GET "/assets/application.self-e4fd6dbbcc3c32e8f0b5c7b20ece5f1495362083db54b91f0157ffac40c407a9.css?body=1" for ::1 at 2016-02-19 16:24:42 -0800


Started GET "/assets/z.jquery.fileupload.self-c6cbb0b05ba3d5565ddfbc78d52abc7a89e964b7cb015b0c930d5bb6c89e4b8f.js?body=1" for ::1 at 2016-02-19 16:24:42 -0800


Started GET "/assets/users.self-e3b0c44298fc1c149afbf4c8996fb92427ae41e4649b934ca495991b7852b855.css?body=1" for ::1 at 2016-02-19 16:24:42 -0800


Started GET "/assets/jquery_ujs.self-d602bdfe68ffc63b9f9cc512872aa3cfff046228a0a36e90dd476e8ef54c1b09.js?body=1" for ::1 at 2016-02-19 16:24:42 -0800


Started GET "/assets/jquery.self-c64a74367bda6ef8b860f19e74df08927ca99d2be2ac934e9e92d5fd361e0da4.js?body=1" for ::1 at 2016-02-19 16:24:42 -0800


Started GET "/assets/users.self-877aef30ae1b040ab8a3aba4e3e309a11d7f2612f44dde450b5c157aa5f95c05.js?body=1" for ::1 at 2016-02-19 16:24:42 -0800


Started GET "/assets/jquery.ui.widget.self-b36f57dc8fcd91e2e7d44d0c5969e797a55d79f19073ecbd3f5093778e5ad482.js?body=1" for ::1 at 2016-02-19 16:24:42 -0800


Started GET "/assets/application.self-7c6e9c06ec2aced22475b6140f330fc2d2c5fe8ba61bb6d1e443499f72b93b6b.js?body=1" for ::1 at 2016-02-19 16:24:42 -0800
